<?xml version="1.0" encoding="UTF-8"?>
<!-- Generated by org.testng.reporters.JUnitReportReporter -->
<testsuite skipped="0" hostname="HCM-NGOCVTM.local" name="test.testng.SignUpTest" tests="2" failures="0" timestamp="2021-11-27T21:32:12 ICT" time="0.003" errors="0">
  <testcase name="signUpCorrectCreds" time="0.000" classname="test.testng.SignUpTest"/>
  <system-out/>
  <testcase name="SignUpInCorrectCreds" time="0.003" classname="test.testng.SignUpTest"/>
  <system-out/>
</testsuite> <!-- test.testng.SignUpTest -->
